<?xml version="1.0" encoding="UTF-8"?>

<beans xmlns:xsi="http://www.w3.org/2001/XMLSchema-instance"
       xmlns:sofa="http://sofastack.io/schema/sofaboot"
       xmlns="http://www.springframework.org/schema/beans"
       xsi:schemaLocation="http://www.springframework.org/schema/beans http://www.springframework.org/schema/beans/spring-beans.xsd
            http://sofastack.io/schema/sofaboot   http://sofastack.io/schema/sofaboot.xsd"
       default-autowire="byName">


    <bean id="xmlSampleService" class="com.alipay.sofa.smoke.tests.runtime.impl.SampleServiceImpl"/>
    <sofa:service ref="xmlSampleService" interface="com.alipay.sofa.smoke.tests.runtime.service.SampleService"/>
    <sofa:service ref="xmlSampleService" interface="com.alipay.sofa.smoke.tests.runtime.service.SampleService"
                  unique-id="default-element"/>
    <sofa:service ref="xmlSampleService" interface="com.alipay.sofa.smoke.tests.runtime.service.SampleService"
                  unique-id="element">
        <sofa:binding.jvm serialize="false"/>
    </sofa:service>

    <sofa:reference id="reference1" interface="com.alipay.sofa.smoke.tests.runtime.service.SampleService"
                    unique-id="default-element"/>
    <sofa:reference id="reference2" interface="com.alipay.sofa.smoke.tests.runtime.service.SampleService"
                    unique-id="element">
        <sofa:binding.jvm serialize="true"/>
    </sofa:reference>
    <sofa:reference id="reference3" interface="com.alipay.sofa.smoke.tests.runtime.service.SampleService"/>

    <sofa:reference id="xmlServiceWithoutInterface"
                    interface="com.alipay.sofa.smoke.tests.runtime.impl.ServiceWithoutInterface"
                    unique-id="serviceWithoutInterface"/>
    <sofa:reference id="reference4" interface="com.alipay.sofa.smoke.tests.runtime.service.SampleNoService"/>
</beans>
